Flow report for top
Mon Oct  7 12:06:15 2019
Quartus Prime Version 19.2.0 Build 57 06/24/2019 SJ Pro Edition


---------------------
; Table of Contents ;
---------------------
  1. Legal Notice
  2. Flow Summary
  3. Flow Settings
  4. Flow Non-Default Global Settings
  5. Flow Elapsed Time
  6. Flow OS Summary
  7. Flow Log



----------------
; Legal Notice ;
----------------
Copyright (C) 2019  Intel Corporation. All rights reserved.
Your use of Intel Corporation's design tools, logic functions 
and other software and tools, and any partner logic 
functions, and any output files from any of the foregoing 
(including device programming or simulation files), and any 
associated documentation or information are expressly subject 
to the terms and conditions of the Intel Program License 
Subscription Agreement, the Intel Quartus Prime License Agreement,
the Intel FPGA IP License Agreement, or other applicable license
agreement, including, without limitation, that your use is for
the sole purpose of programming logic devices manufactured by
Intel and sold by Intel or its authorized distributors.  Please
refer to the applicable agreement for further details, at
https://fpgasoftware.intel.com/eula.



+-----------------------------------------------------+
; Flow Summary                                        ;
+-------------+---------------------------------------+
; Flow Status ; Successful - Mon Oct  7 12:06:14 2019 ;
+-------------+---------------------------------------+


+-----------------------------------------+
; Flow Settings                           ;
+-------------------+---------------------+
; Option            ; Setting             ;
+-------------------+---------------------+
; Start date & time ; 10/07/2019 12:04:27 ;
; Main task         ; Compilation         ;
; Revision Name     ; top                 ;
+-------------------+---------------------+


+--------------------------------------------------------------------+
; Flow Non-Default Global Settings                                   ;
+-----------------+-------+---------------+-------------+------------+
; Assignment Name ; Value ; Default Value ; Entity Name ; Section Id ;
+-----------------+-------+---------------+-------------+------------+


+----------------------------------------------------------------------------+
; Flow Elapsed Time                                                          ;
+-------------+--------------+-------------------------+---------------------+
; Module Name ; Elapsed Time ; Average Processors Used ; Peak Virtual Memory ;
+-------------+--------------+-------------------------+---------------------+
; Synthesis   ; 00:01:52     ; 3.0                     ; 2999 MB             ;
; Total       ; 00:01:52     ; --                      ; --                  ;
+-------------+--------------+-------------------------+---------------------+


+-------------------------------------------------------------------------------+
; Flow OS Summary                                                               ;
+-------------+------------------+----------------+------------+----------------+
; Module Name ; Machine Hostname ; OS Name        ; OS Version ; Processor type ;
+-------------+------------------+----------------+------------+----------------+
; Synthesis   ; ebots-hung       ; Ubuntu 18.04.3 ; 18         ; x86_64         ;
+-------------+------------------+----------------+------------+----------------+


------------
; Flow Log ;
------------
quartus_syn --read_settings_files=on --write_settings_files=off top -c top



